<?xml version="1.0" encoding="UTF-8"?>
<!-- Generated by org.testng.reporters.JUnitReportReporter -->
<testsuite hostname="LAPTOP-27KHILMN" failures="0" tests="1" name="demoqa_test.Task11" time="25.275" errors="0" timestamp="2024-05-02T17:18:23 IST" skipped="0">
  <testcase classname="demoqa_test.Task11" name="logintest" time="25.275"/>
</testsuite> <!-- demoqa_test.Task11 -->
