<?xml version="1.0" encoding="UTF-8"?>
<!-- Generated by org.testng.reporters.JUnitReportReporter -->
<testsuite hostname="LAPTOP-27KHILMN" failures="0" tests="1" name="testPages.ElementpaeTest" time="33.974" errors="0" timestamp="2024-04-25T18:25:37 IST" skipped="0">
  <testcase classname="testPages.ElementpaeTest" name="elementsTest" time="33.974"/>
</testsuite> <!-- testPages.ElementpaeTest -->
