<?xml version="1.0" encoding="UTF-8"?>
<!-- Generated by org.testng.reporters.JUnitReportReporter -->
<testsuite hostname="LAPTOP-27KHILMN" failures="0" tests="1" name="demoqa_test.EditProfileTest" time="27.123" errors="0" timestamp="2024-05-01T15:50:10 IST" skipped="0">
  <testcase classname="demoqa_test.EditProfileTest" name="ditprofileTest" time="27.123"/>
</testsuite> <!-- demoqa_test.EditProfileTest -->
