<?xml version="1.0" encoding="UTF-8"?>
<!-- Generated by org.testng.reporters.JUnitReportReporter -->
<testsuite hostname="LAPTOP-27KHILMN" failures="0" tests="1" name="demoqa_test.SearchingWithFiltersTest" time="14.137" errors="0" timestamp="2024-05-02T11:04:15 IST" skipped="0">
  <testcase classname="demoqa_test.SearchingWithFiltersTest" name="filterTest" time="14.137"/>
</testsuite> <!-- demoqa_test.SearchingWithFiltersTest -->
