<?xml version="1.0" encoding="UTF-8"?>
<!-- Generated by org.testng.reporters.JUnitReportReporter -->
<testsuite hostname="LAPTOP-27KHILMN" failures="0" tests="1" name="demoqa_test.Task10_Test" time="14.295" errors="0" timestamp="2024-05-02T15:43:09 IST" skipped="0">
  <testcase classname="demoqa_test.Task10_Test" name="addtocarttest" time="14.295"/>
</testsuite> <!-- demoqa_test.Task10_Test -->
