<?xml version="1.0" encoding="UTF-8"?>
<!-- Generated by org.testng.reporters.JUnitReportReporter -->
<testsuite hostname="LAPTOP-27KHILMN" failures="0" tests="1" name="demoqa_test.RegistrationPageTest" time="6.941" errors="0" timestamp="2024-05-01T13:13:09 IST" skipped="0">
  <testcase classname="demoqa_test.RegistrationPageTest" name="resgistrationtest" time="6.941"/>
</testsuite> <!-- demoqa_test.RegistrationPageTest -->
