<?xml version="1.0" encoding="UTF-8"?>
<!-- Generated by org.testng.reporters.JUnitReportReporter -->
<testsuite hostname="LAPTOP-27KHILMN" failures="0" tests="1" name="demoqa_test.LoginWithValidPageTest" time="7.397" errors="0" timestamp="2024-05-01T14:38:32 IST" skipped="0">
  <testcase classname="demoqa_test.LoginWithValidPageTest" name="logintest" time="7.397"/>
</testsuite> <!-- demoqa_test.LoginWithValidPageTest -->
