<?xml version="1.0" encoding="UTF-8"?>
<!-- Generated by org.testng.reporters.JUnitReportReporter -->
<testsuite hostname="LAPTOP-27KHILMN" failures="0" tests="1" name="demoqa_test.LoginPageTest" time="5.894" errors="0" timestamp="2024-05-01T12:34:48 IST" skipped="0">
  <testcase classname="demoqa_test.LoginPageTest" name="logintest" time="5.894"/>
</testsuite> <!-- demoqa_test.LoginPageTest -->
