<?xml version="1.0" encoding="UTF-8"?>
<!-- Generated by org.testng.reporters.JUnitReportReporter -->
<testsuite hostname="LAPTOP-27KHILMN" failures="0" tests="1" name="demoqa_test.Task9_AddToCartSuccessfullyTest" time="11.890" errors="0" timestamp="2024-05-02T14:55:32 IST" skipped="0">
  <testcase classname="demoqa_test.Task9_AddToCartSuccessfullyTest" name="gettest" time="11.890"/>
</testsuite> <!-- demoqa_test.Task9_AddToCartSuccessfullyTest -->
