<?xml version="1.0" encoding="UTF-8"?>
<!-- Generated by org.testng.reporters.JUnitReportReporter -->
<testsuite hostname="LAPTOP-27KHILMN" failures="0" tests="1" name="demoqa_test.SearchingForProductTest" time="6.152" errors="0" timestamp="2024-05-01T16:13:21 IST" skipped="0">
  <testcase classname="demoqa_test.SearchingForProductTest" name="searchproducttest" time="6.152"/>
</testsuite> <!-- demoqa_test.SearchingForProductTest -->
