<?xml version="1.0" encoding="UTF-8"?>
<!-- Generated by org.testng.reporters.JUnitReportReporter -->
<testsuite hostname="LAPTOP-27KHILMN" failures="0" tests="1" name="demoqa_test.Task12_Test" time="26.876" errors="0" timestamp="2024-05-03T12:54:22 IST" skipped="0">
  <testcase classname="demoqa_test.Task12_Test" name="testData" time="26.876"/>
</testsuite> <!-- demoqa_test.Task12_Test -->
