<?xml version="1.0" encoding="UTF-8"?>
<!-- Generated by org.testng.reporters.JUnitReportReporter -->
<testsuite hostname="LAPTOP-27KHILMN" failures="0" tests="1" name="demoqa_test.Task11_Test" time="30.416" errors="0" timestamp="2024-05-02T18:34:15 IST" skipped="0">
  <testcase classname="demoqa_test.Task11_Test" name="logintest" time="30.416"/>
</testsuite> <!-- demoqa_test.Task11_Test -->
