<?xml version="1.0" encoding="UTF-8"?>
<!-- Generated by org.testng.reporters.JUnitReportReporter -->
<testsuite hostname="LAPTOP-27KHILMN" failures="0" tests="1" name="demoqa_test.TextBoxPageTest" time="4.596" errors="0" timestamp="2024-05-01T12:00:19 IST" skipped="0">
  <testcase classname="demoqa_test.TextBoxPageTest" name="resgistrationtest" time="4.596"/>
</testsuite> <!-- demoqa_test.TextBoxPageTest -->
