<?xml version="1.0" encoding="UTF-8"?>
<!-- Generated by org.testng.reporters.JUnitReportReporter -->
<testsuite hostname="DESKTOP-HRCKF6T" failures="0" tests="1" name="demoqa_test.Task12_Test" time="33.255" errors="0" timestamp="2024-05-03T22:51:56 IST" skipped="0">
  <testcase classname="demoqa_test.Task12_Test" name="testData" time="33.255"/>
</testsuite> <!-- demoqa_test.Task12_Test -->
