<?xml version="1.0" encoding="UTF-8"?>
<!-- Generated by org.testng.reporters.JUnitReportReporter -->
<testsuite hostname="DESKTOP-HRCKF6T" failures="0" tests="1" name="demoQA_page.RegistrationPage" time="0.789" errors="0" timestamp="2024-05-04T14:51:22 IST" skipped="0">
  <testcase classname="demoQA_page.RegistrationPage" name="getExcelData" time="0.789"/>
</testsuite> <!-- demoQA_page.RegistrationPage -->
