<?xml version="1.0" encoding="UTF-8"?>
<!-- Generated by org.testng.reporters.JUnitReportReporter -->
<testsuite hostname="DESKTOP-HRCKF6T" failures="0" tests="1" name="demoqa_test.RegistrationPageTest" time="12.814" errors="0" timestamp="2024-05-04T15:15:56 IST" skipped="0">
  <testcase classname="demoqa_test.RegistrationPageTest" name="resgistrationtest" time="12.814"/>
</testsuite> <!-- demoqa_test.RegistrationPageTest -->
