<?xml version="1.0" encoding="UTF-8"?>
<!-- Generated by org.testng.reporters.JUnitReportReporter -->
<testsuite hostname="DESKTOP-HRCKF6T" failures="0" tests="1" name="demoqa_test.EditProfileTest" time="38.500" errors="0" timestamp="2024-05-04T14:26:40 IST" skipped="0">
  <testcase classname="demoqa_test.EditProfileTest" name="ditprofileTest" time="38.500"/>
</testsuite> <!-- demoqa_test.EditProfileTest -->
